Added Component: Designator=X1(CON: PBS-4 R)
Add component. Clean all parameters for all variants
Add component (AddParameter): Name = "CommentText"; Value = ""׀אחתול""; VariantName = "[No Variations]"
Add component (AddParameter): Name = "CurrentMax"; Value = "3A"; VariantName = "[No Variations]"
Add component (AddParameter): Name = "HelpURL"; Value = "https://www.chipdip.ru/product/pbs-4"; VariantName = "[No Variations]"
Add component (AddParameter): Name = "Manufacturer"; Value = "Connfly"; VariantName = "[No Variations]"
Add component (AddParameter): Name = "Multichannel"; Value = "4pin"; VariantName = "[No Variations]"
Add component (AddParameter): Name = "PartNumber"; Value = "PBS-4"; VariantName = "[No Variations]"
Add component (AddParameter): Name = "Pitch"; Value = "2.54mm"; VariantName = "[No Variations]"
Add component (AddParameter): Name = "TypeConnector"; Value = "Connector"; VariantName = "[No Variations]"
Add component (AddParameter): Name = "ValueManufacturerPartNumber"; Value = "Connector, 4pin, 2.54mm, 500VAC, 3A"; VariantName = "[No Variations]"
Add component (AddParameter): Name = "VoltageMax"; Value = "500VAC"; VariantName = "[No Variations]"
Added Component: Designator=X2(4PLS RIGHT ANGLE 2)
Add component. Clean all parameters for all variants
Add component (AddParameter): Name = "CommentText"; Value = ""׀אחתול""; VariantName = "[No Variations]"
Add component (AddParameter): Name = "CurrentMax"; Value = "3A"; VariantName = "[No Variations]"
Add component (AddParameter): Name = "HelpURL"; Value = "https://www.chipdip.ru/product/pls-4"; VariantName = "[No Variations]"
Add component (AddParameter): Name = "Manufacturer"; Value = "Connfly"; VariantName = "[No Variations]"
Add component (AddParameter): Name = "Multichannel"; Value = "4pin"; VariantName = "[No Variations]"
Add component (AddParameter): Name = "PartNumber"; Value = "PLS-4"; VariantName = "[No Variations]"
Add component (AddParameter): Name = "Pitch"; Value = "2.54mm"; VariantName = "[No Variations]"
Add component (AddParameter): Name = "TypeConnector"; Value = "Connector"; VariantName = "[No Variations]"
Add component (AddParameter): Name = "ValueManufacturerPartNumber"; Value = "Connector, 4pin, 2.54mm, 500VAC, 3A"; VariantName = "[No Variations]"
Add component (AddParameter): Name = "VoltageMax"; Value = "500VAC"; VariantName = "[No Variations]"
Added Pin To Net: NetName=NetLED1_1 Pin=LED1-1
Added Pin To Net: NetName=NetLED1_1 Pin=X1-2
Added Pin To Net: NetName=NetLED1_1 Pin=X2-2
Added Net: Name=NetLED1_1
Added Pin To Net: NetName=NetLED1_3 Pin=LED1-3
Added Pin To Net: NetName=NetLED1_3 Pin=X1-3
Added Pin To Net: NetName=NetLED1_3 Pin=X2-3
Added Net: Name=NetLED1_3
Added Pin To Net: NetName=NetLED1_5 Pin=LED1-5
Added Pin To Net: NetName=NetLED1_5 Pin=X1-4
Added Pin To Net: NetName=NetLED1_5 Pin=X2-4
Added Net: Name=NetLED1_5
Added Pin To Net: NetName=NetR1_2 Pin=R1-2
Added Pin To Net: NetName=NetR1_2 Pin=X1-1
Added Pin To Net: NetName=NetR1_2 Pin=X2-1
Added Net: Name=NetR1_2
