Added Pin To Net: NetName=blue Pin=J1-2
Added Pin To Net: NetName=blue Pin=J1-2
Added Pin To Net: NetName=blue Pin=LED1-6
Added Pin To Net: NetName=blue Pin=LED2-6
Added Net: Name=blue
Added Pin To Net: NetName=gnd Pin=J1-1
Added Pin To Net: NetName=gnd Pin=J1-1
Added Pin To Net: NetName=gnd Pin=R1-2
Added Net: Name=gnd
Added Pin To Net: NetName=green Pin=J1-4
Added Pin To Net: NetName=green Pin=J1-4
Added Pin To Net: NetName=green Pin=LED1-2
Added Pin To Net: NetName=green Pin=LED2-2
Added Net: Name=green
Added Pin To Net: NetName=NetLED1_1 Pin=LED1-1
Added Pin To Net: NetName=NetLED1_1 Pin=LED1-3
Added Pin To Net: NetName=NetLED1_1 Pin=LED1-5
Added Pin To Net: NetName=NetLED1_1 Pin=LED2-1
Added Pin To Net: NetName=NetLED1_1 Pin=LED2-3
Added Pin To Net: NetName=NetLED1_1 Pin=LED2-5
Added Pin To Net: NetName=NetLED1_1 Pin=R1-1
Added Net: Name=NetLED1_1
Added Pin To Net: NetName=red Pin=J1-3
Added Pin To Net: NetName=red Pin=J1-3
Added Pin To Net: NetName=red Pin=LED1-4
Added Pin To Net: NetName=red Pin=LED2-4
Added Net: Name=red
Added Class: Name=pipe_corner_schematic
Added Room: Name=pipe_corner_schematic
