Removed Pin From Net: NetName=blue Pin=LED1-1
Removed Pin From Net: NetName=red Pin=LED1-3
Removed Pin From Net: NetName=green Pin=LED1-5
Removed Pin From Net: NetName=blue Pin=LED?-1
Removed Pin From Net: NetName=red Pin=LED?-3
Removed Pin From Net: NetName=green Pin=LED?-5
Change Component Designator: OldDesignator=LED? NewDesignator=LED2
Added Pin To Net: NetName=green Pin=LED1-2
Added Pin To Net: NetName=red Pin=LED1-4
Added Pin To Net: NetName=blue Pin=LED1-6
Added Pin To Net: NetName=green Pin=LED2-2
Added Pin To Net: NetName=red Pin=LED2-4
Added Pin To Net: NetName=blue Pin=LED2-6
Added Pin To Net: NetName=NetLED1_1 Pin=LED1-1
Added Pin To Net: NetName=NetLED1_1 Pin=LED1-3
Added Pin To Net: NetName=NetLED1_1 Pin=LED1-5
Added Pin To Net: NetName=NetLED1_1 Pin=LED2-1
Added Pin To Net: NetName=NetLED1_1 Pin=LED2-3
Added Pin To Net: NetName=NetLED1_1 Pin=LED2-5
Added Pin To Net: NetName=NetLED1_1 Pin=R1-1
Added Net: Name=NetLED1_1
Added Member To Class: ClassName=pipe_corner_schematic Member=Component J1 0022032041
Added Room: Name=pipe_corner_schematic
