Added Pin To Net: NetName=GND Pin=VD?-2
Added Pin To Net: NetName=GND Pin=VD?-2
Added Pin To Net: NetName=GND Pin=X?-1
Added Pin To Net: NetName=GND Pin=X?-1
Added Pin To Net: NetName=GND Pin=X?-1
Added Pin To Net: NetName=GND Pin=X?-3
Added Pin To Net: NetName=GND Pin=X?-3
Added Net: Name=GND
Added Pin To Net: NetName=NetR?_2 Pin=R?-2
Added Pin To Net: NetName=NetR?_2 Pin=VD?-1
Added Pin To Net: NetName=NetR?_2 Pin=VD?-1
Added Net: Name=NetR?_2
Added Pin To Net: NetName=VCC Pin=R?-1
Added Pin To Net: NetName=VCC Pin=X?-2
Added Pin To Net: NetName=VCC Pin=X?-2
Added Pin To Net: NetName=VCC Pin=X?-2
Added Net: Name=VCC
Added Member To Class: ClassName=pilar_1 Member=Component VD? LED, *, *, *, -55...+150°C
Added Member To Class: ClassName=pilar_1 Member=Component X? Connector, 3pin, 2.54mm, 500VAC, 3A
Added Member To Class: ClassName=pilar_1 Member=Component X? Connector, 2pin, 2.54mm, 500VAC, 3A
