Added Component: Designator=X2(CON: PLS-4)
Add component. Clean all parameters for all variants
Add component (AddParameter): Name = "CommentText"; Value = "flux_input_1"; VariantName = "[No Variations]"
Add component (AddParameter): Name = "CurrentMax"; Value = "3A"; VariantName = "[No Variations]"
Add component (AddParameter): Name = "HelpURL"; Value = "https://www.chipdip.ru/product/pls-4"; VariantName = "[No Variations]"
Add component (AddParameter): Name = "Manufacturer"; Value = "Connfly"; VariantName = "[No Variations]"
Add component (AddParameter): Name = "Multichannel"; Value = "4pin"; VariantName = "[No Variations]"
Add component (AddParameter): Name = "PartNumber"; Value = "PLS-4"; VariantName = "[No Variations]"
Add component (AddParameter): Name = "Pitch"; Value = "2.54mm"; VariantName = "[No Variations]"
Add component (AddParameter): Name = "TypeConnector"; Value = "Connector"; VariantName = "[No Variations]"
Add component (AddParameter): Name = "ValueManufacturerPartNumber"; Value = "Connector, 4pin, 2.54mm, 500VAC, 3A"; VariantName = "[No Variations]"
Add component (AddParameter): Name = "VoltageMax"; Value = "500VAC"; VariantName = "[No Variations]"
Added Pin To Net: NetName=NetLabel1 Pin=VD?-1
Added Pin To Net: NetName=NetLabel1 Pin=X2-3
Added Net: Name=NetLabel1
Added Pin To Net: NetName=NetVD?_1 Pin=VD?-1
Added Pin To Net: NetName=NetVD?_1 Pin=X2-4
Added Net: Name=NetVD?_1
Added Pin To Net: NetName=NetVD?_2 Pin=VD?-2
Added Pin To Net: NetName=NetVD?_2 Pin=VD?-2
Added Pin To Net: NetName=NetVD?_2 Pin=X3-2
Added Net: Name=NetVD?_2
