Added Component: Designator=R?(RES: 0603)
Add component. Clean all parameters for all variants
Add component (AddParameter): Name = "HelpURL"; Value = "https://www.digikey.com/product-detail/en/yageo/RC0603JR-07100RL/311-100GRCT-ND/729644"; VariantName = "[No Variations]"
Add component (AddParameter): Name = "Manufacturer"; Value = "Yageo"; VariantName = "[No Variations]"
Add component (AddParameter): Name = "Package"; Value = "0603"; VariantName = "[No Variations]"
Add component (AddParameter): Name = "PartNumber"; Value = "RC0603JR-07100RL"; VariantName = "[No Variations]"
Add component (AddParameter): Name = "Power"; Value = "0.1W"; VariantName = "[No Variations]"
Add component (AddParameter): Name = "Temperature"; Value = "-55...+125°C"; VariantName = "[No Variations]"
Add component (AddParameter): Name = "Tolerance"; Value = "±5%"; VariantName = "[No Variations]"
Add component (AddParameter): Name = "TypeResistor"; Value = "Resistor film"; VariantName = "[No Variations]"
Add component (AddParameter): Name = "Value"; Value = "100R"; VariantName = "[No Variations]"
Add component (AddParameter): Name = "ValueManufacturerPartNumber"; Value = "Resistor film, 100R, ±5%, 0603, 0.1W, -55...+125°C"; VariantName = "[No Variations]"
Added Component: Designator=R?(RES: 0603)
Add component. Clean all parameters for all variants
Add component (AddParameter): Name = "HelpURL"; Value = "https://www.digikey.com/product-detail/en/yageo/RC0603JR-07100RL/311-100GRCT-ND/729644"; VariantName = "[No Variations]"
Add component (AddParameter): Name = "Manufacturer"; Value = "Yageo"; VariantName = "[No Variations]"
Add component (AddParameter): Name = "Package"; Value = "0603"; VariantName = "[No Variations]"
Add component (AddParameter): Name = "PartNumber"; Value = "RC0603JR-07100RL"; VariantName = "[No Variations]"
Add component (AddParameter): Name = "Power"; Value = "0.1W"; VariantName = "[No Variations]"
Add component (AddParameter): Name = "Temperature"; Value = "-55...+125°C"; VariantName = "[No Variations]"
Add component (AddParameter): Name = "Tolerance"; Value = "±5%"; VariantName = "[No Variations]"
Add component (AddParameter): Name = "TypeResistor"; Value = "Resistor film"; VariantName = "[No Variations]"
Add component (AddParameter): Name = "Value"; Value = "100R"; VariantName = "[No Variations]"
Add component (AddParameter): Name = "ValueManufacturerPartNumber"; Value = "Resistor film, 100R, ±5%, 0603, 0.1W, -55...+125°C"; VariantName = "[No Variations]"
Added Component: Designator=SA?(SS-3292S-L1)
Add component. Clean all parameters for all variants
Added Component: Designator=VD?(LED: 0805G)
Add component. Clean all parameters for all variants
Add component (AddParameter): Name = "Color"; Value = "GREEN"; VariantName = "[No Variations]"
Add component (AddParameter): Name = "Current"; Value = ""; VariantName = "[No Variations]"
Add component (AddParameter): Name = "HelpURL"; Value = ""; VariantName = "[No Variations]"
Add component (AddParameter): Name = "Manufacturer"; Value = ""; VariantName = "[No Variations]"
Add component (AddParameter): Name = "Package"; Value = ""; VariantName = "[No Variations]"
Add component (AddParameter): Name = "PartNumber"; Value = ""; VariantName = "[No Variations]"
Add component (AddParameter): Name = "Temperature"; Value = "-55...+150°C"; VariantName = "[No Variations]"
Add component (AddParameter): Name = "TypeDiode"; Value = "LED"; VariantName = "[No Variations]"
Add component (AddParameter): Name = "ValueManufacturerPartNumber"; Value = "LED, *, *, *, -55...+150°C"; VariantName = "[No Variations]"
Add component (AddParameter): Name = "VoltageDrop"; Value = ""; VariantName = "[No Variations]"
Added Component: Designator=VD?(LED: 0805R)
Add component. Clean all parameters for all variants
Add component (AddParameter): Name = "Color"; Value = "GREEN"; VariantName = "[No Variations]"
Add component (AddParameter): Name = "Current"; Value = ""; VariantName = "[No Variations]"
Add component (AddParameter): Name = "HelpURL"; Value = ""; VariantName = "[No Variations]"
Add component (AddParameter): Name = "Manufacturer"; Value = ""; VariantName = "[No Variations]"
Add component (AddParameter): Name = "Package"; Value = ""; VariantName = "[No Variations]"
Add component (AddParameter): Name = "PartNumber"; Value = ""; VariantName = "[No Variations]"
Add component (AddParameter): Name = "Temperature"; Value = "-55...+150°C"; VariantName = "[No Variations]"
Add component (AddParameter): Name = "TypeDiode"; Value = "LED"; VariantName = "[No Variations]"
Add component (AddParameter): Name = "ValueManufacturerPartNumber"; Value = "LED, *, *, *, -55...+150°C"; VariantName = "[No Variations]"
Add component (AddParameter): Name = "VoltageDrop"; Value = ""; VariantName = "[No Variations]"
Added Component: Designator=VT?(SOT23)
Add component. Clean all parameters for all variants
Add component (AddParameter): Name = "CurrentDS"; Value = "2.6A"; VariantName = "[No Variations]"
Add component (AddParameter): Name = "GateCharge"; Value = "2.9nC"; VariantName = "[No Variations]"
Add component (AddParameter): Name = "HelpURL"; Value = "https://www.digikey.com/product-detail/en/infineon-technologies/IRLML2246TRPBF/IRLML2246TRPBFCT-ND/2639576"; VariantName = "[No Variations]"
Add component (AddParameter): Name = "InputCapacitor"; Value = "220pF"; VariantName = "[No Variations]"
Add component (AddParameter): Name = "Manufacturer"; Value = "Infineon Technologies"; VariantName = "[No Variations]"
Add component (AddParameter): Name = "MaxPower"; Value = "2.5W"; VariantName = "[No Variations]"
Add component (AddParameter): Name = "Package"; Value = "SOT-23"; VariantName = "[No Variations]"
Add component (AddParameter): Name = "PartNumber"; Value = "IRLML2246TRPBF"; VariantName = "[No Variations]"
Add component (AddParameter): Name = "RDS"; Value = "135mOhm"; VariantName = "[No Variations]"
Add component (AddParameter): Name = "Temperature"; Value = "-55...+150°C"; VariantName = "[No Variations]"
Add component (AddParameter): Name = "TypeTransistor"; Value = "MOSFET P-channel transistor"; VariantName = "[No Variations]"
Add component (AddParameter): Name = "ValueManufacturerPartNumber"; Value = "MOSFET P-channel transistor, 20V, 2.6A, 2.9nC, 2.5W, 135mOhm, 220pF, SOT-23, -55...+150°C"; VariantName = "[No Variations]"
Add component (AddParameter): Name = "VoltageDS"; Value = "20V"; VariantName = "[No Variations]"
Added Component: Designator=X?(CON: PLS-4)
Add component. Clean all parameters for all variants
Add component (AddParameter): Name = "CommentText"; Value = "flux_input_1"; VariantName = "[No Variations]"
Add component (AddParameter): Name = "CurrentMax"; Value = "3A"; VariantName = "[No Variations]"
Add component (AddParameter): Name = "HelpURL"; Value = "https://www.chipdip.ru/product/pls-4"; VariantName = "[No Variations]"
Add component (AddParameter): Name = "Manufacturer"; Value = "Connfly"; VariantName = "[No Variations]"
Add component (AddParameter): Name = "Multichannel"; Value = "4pin"; VariantName = "[No Variations]"
Add component (AddParameter): Name = "PartNumber"; Value = "PLS-4"; VariantName = "[No Variations]"
Add component (AddParameter): Name = "Pitch"; Value = "2.54mm"; VariantName = "[No Variations]"
Add component (AddParameter): Name = "TypeConnector"; Value = "Connector"; VariantName = "[No Variations]"
Add component (AddParameter): Name = "ValueManufacturerPartNumber"; Value = "Connector, 4pin, 2.54mm, 500VAC, 3A"; VariantName = "[No Variations]"
Add component (AddParameter): Name = "VoltageMax"; Value = "500VAC"; VariantName = "[No Variations]"
Added Component: Designator=X?(CON: PLS-4)
Add component. Clean all parameters for all variants
Add component (AddParameter): Name = "CommentText"; Value = "flux_input_2"; VariantName = "[No Variations]"
Add component (AddParameter): Name = "CurrentMax"; Value = "3A"; VariantName = "[No Variations]"
Add component (AddParameter): Name = "HelpURL"; Value = "https://www.chipdip.ru/product/pls-4"; VariantName = "[No Variations]"
Add component (AddParameter): Name = "Manufacturer"; Value = "Connfly"; VariantName = "[No Variations]"
Add component (AddParameter): Name = "Multichannel"; Value = "4pin"; VariantName = "[No Variations]"
Add component (AddParameter): Name = "PartNumber"; Value = "PLS-4"; VariantName = "[No Variations]"
Add component (AddParameter): Name = "Pitch"; Value = "2.54mm"; VariantName = "[No Variations]"
Add component (AddParameter): Name = "TypeConnector"; Value = "Connector"; VariantName = "[No Variations]"
Add component (AddParameter): Name = "ValueManufacturerPartNumber"; Value = "Connector, 4pin, 2.54mm, 500VAC, 3A"; VariantName = "[No Variations]"
Add component (AddParameter): Name = "VoltageMax"; Value = "500VAC"; VariantName = "[No Variations]"
Added Component: Designator=X?(CON: PLS-4)
Add component. Clean all parameters for all variants
Add component (AddParameter): Name = "CommentText"; Value = "flux_output"; VariantName = "[No Variations]"
Add component (AddParameter): Name = "CurrentMax"; Value = "3A"; VariantName = "[No Variations]"
Add component (AddParameter): Name = "HelpURL"; Value = "https://www.chipdip.ru/product/pls-4"; VariantName = "[No Variations]"
Add component (AddParameter): Name = "Manufacturer"; Value = "Connfly"; VariantName = "[No Variations]"
Add component (AddParameter): Name = "Multichannel"; Value = "4pin"; VariantName = "[No Variations]"
Add component (AddParameter): Name = "PartNumber"; Value = "PLS-4"; VariantName = "[No Variations]"
Add component (AddParameter): Name = "Pitch"; Value = "2.54mm"; VariantName = "[No Variations]"
Add component (AddParameter): Name = "TypeConnector"; Value = "Connector"; VariantName = "[No Variations]"
Add component (AddParameter): Name = "ValueManufacturerPartNumber"; Value = "Connector, 4pin, 2.54mm, 500VAC, 3A"; VariantName = "[No Variations]"
Add component (AddParameter): Name = "VoltageMax"; Value = "500VAC"; VariantName = "[No Variations]"
Added Component: Designator=X?(CON: PLS-4)
Add component. Clean all parameters for all variants
Add component (AddParameter): Name = "CommentText"; Value = "flux_input_3"; VariantName = "[No Variations]"
Add component (AddParameter): Name = "CurrentMax"; Value = "3A"; VariantName = "[No Variations]"
Add component (AddParameter): Name = "HelpURL"; Value = "https://www.chipdip.ru/product/pls-4"; VariantName = "[No Variations]"
Add component (AddParameter): Name = "Manufacturer"; Value = "Connfly"; VariantName = "[No Variations]"
Add component (AddParameter): Name = "Multichannel"; Value = "4pin"; VariantName = "[No Variations]"
Add component (AddParameter): Name = "PartNumber"; Value = "PLS-4"; VariantName = "[No Variations]"
Add component (AddParameter): Name = "Pitch"; Value = "2.54mm"; VariantName = "[No Variations]"
Add component (AddParameter): Name = "TypeConnector"; Value = "Connector"; VariantName = "[No Variations]"
Add component (AddParameter): Name = "ValueManufacturerPartNumber"; Value = "Connector, 4pin, 2.54mm, 500VAC, 3A"; VariantName = "[No Variations]"
Add component (AddParameter): Name = "VoltageMax"; Value = "500VAC"; VariantName = "[No Variations]"
Added Pin To Net: NetName=GND Pin=R?-1
Added Pin To Net: NetName=GND Pin=X?-1
Added Pin To Net: NetName=GND Pin=X?-1
Added Pin To Net: NetName=GND Pin=X?-1
Added Net: Name=GND
Added Pin To Net: NetName=NetR?_2 Pin=R?-2
Added Pin To Net: NetName=NetR?_2 Pin=VD?-2
Added Net: Name=NetR?_2
Added Pin To Net: NetName=NetVD?_1 Pin=VD?-1
Added Pin To Net: NetName=NetVD?_1 Pin=X?-3
Added Pin To Net: NetName=NetVD?_1 Pin=X?-3
Added Pin To Net: NetName=NetVD?_1 Pin=X?-3
Added Net: Name=NetVD?_1
