Removed Pin From Net: NetName=GND Pin=R4-1
Removed Pin From Net: NetName=VCC Pin=SA1-2
Removed Pin From Net: NetName=GND Pin=VT1-3
Removed Pin From Net: NetName=VCC Pin=X5-1
Removed Pin From Net: NetName=GND Pin=X5-2
Added Component: Designator=VD?(DIODE: SOD523)
Add component. Clean all parameters for all variants
Add component (AddParameter): Name = "Current"; Value = "500mA"; VariantName = "[No Variations]"
Add component (AddParameter): Name = "HelpURL"; Value = "https://www.digikey.com/product-detail/en/diodes-incorporated/MBR0580S1-7/MBR0580S1-7DICT-ND/5080371"; VariantName = "[No Variations]"
Add component (AddParameter): Name = "Manufacturer"; Value = "Diodes Incorporated"; VariantName = "[No Variations]"
Add component (AddParameter): Name = "Package"; Value = "SOD-123"; VariantName = "[No Variations]"
Add component (AddParameter): Name = "PartNumber"; Value = "MBR0580S1-7"; VariantName = "[No Variations]"
Add component (AddParameter): Name = "RecoveryTime"; Value = "15pF"; VariantName = "[No Variations]"
Add component (AddParameter): Name = "Temperature"; Value = "-55...+150°C"; VariantName = "[No Variations]"
Add component (AddParameter): Name = "TypeDiode"; Value = "Schottky diode"; VariantName = "[No Variations]"
Add component (AddParameter): Name = "ValueManufacturerPartNumber"; Value = "Schottky diode, 80V, 500mA, 1V, 15pF, SOD-123, -55...+150°C"; VariantName = "[No Variations]"
Add component (AddParameter): Name = "Voltage"; Value = "80V"; VariantName = "[No Variations]"
Add component (AddParameter): Name = "VoltageDrop"; Value = "1V"; VariantName = "[No Variations]"
Added Component: Designator=VD?(DIODE: SOD523)
Add component. Clean all parameters for all variants
Add component (AddParameter): Name = "Current"; Value = "500mA"; VariantName = "[No Variations]"
Add component (AddParameter): Name = "HelpURL"; Value = "https://www.digikey.com/product-detail/en/diodes-incorporated/MBR0580S1-7/MBR0580S1-7DICT-ND/5080371"; VariantName = "[No Variations]"
Add component (AddParameter): Name = "Manufacturer"; Value = "Diodes Incorporated"; VariantName = "[No Variations]"
Add component (AddParameter): Name = "Package"; Value = "SOD-123"; VariantName = "[No Variations]"
Add component (AddParameter): Name = "PartNumber"; Value = "MBR0580S1-7"; VariantName = "[No Variations]"
Add component (AddParameter): Name = "RecoveryTime"; Value = "15pF"; VariantName = "[No Variations]"
Add component (AddParameter): Name = "Temperature"; Value = "-55...+150°C"; VariantName = "[No Variations]"
Add component (AddParameter): Name = "TypeDiode"; Value = "Schottky diode"; VariantName = "[No Variations]"
Add component (AddParameter): Name = "ValueManufacturerPartNumber"; Value = "Schottky diode, 80V, 500mA, 1V, 15pF, SOD-123, -55...+150°C"; VariantName = "[No Variations]"
Add component (AddParameter): Name = "Voltage"; Value = "80V"; VariantName = "[No Variations]"
Add component (AddParameter): Name = "VoltageDrop"; Value = "1V"; VariantName = "[No Variations]"
Added Component: Designator=VD?(DIODE: SOD523)
Add component. Clean all parameters for all variants
Add component (AddParameter): Name = "Current"; Value = "500mA"; VariantName = "[No Variations]"
Add component (AddParameter): Name = "HelpURL"; Value = "https://www.digikey.com/product-detail/en/diodes-incorporated/MBR0580S1-7/MBR0580S1-7DICT-ND/5080371"; VariantName = "[No Variations]"
Add component (AddParameter): Name = "Manufacturer"; Value = "Diodes Incorporated"; VariantName = "[No Variations]"
Add component (AddParameter): Name = "Package"; Value = "SOD-123"; VariantName = "[No Variations]"
Add component (AddParameter): Name = "PartNumber"; Value = "MBR0580S1-7"; VariantName = "[No Variations]"
Add component (AddParameter): Name = "RecoveryTime"; Value = "15pF"; VariantName = "[No Variations]"
Add component (AddParameter): Name = "Temperature"; Value = "-55...+150°C"; VariantName = "[No Variations]"
Add component (AddParameter): Name = "TypeDiode"; Value = "Schottky diode"; VariantName = "[No Variations]"
Add component (AddParameter): Name = "ValueManufacturerPartNumber"; Value = "Schottky diode, 80V, 500mA, 1V, 15pF, SOD-123, -55...+150°C"; VariantName = "[No Variations]"
Add component (AddParameter): Name = "Voltage"; Value = "80V"; VariantName = "[No Variations]"
Add component (AddParameter): Name = "VoltageDrop"; Value = "1V"; VariantName = "[No Variations]"
Added Component: Designator=X?(PBS-4 CUT)
Add component. Clean all parameters for all variants
Added Pin To Net: NetName=GND Pin=X?-1
Added Pin To Net: NetName=VCC Pin=X?-2
Added Pin To Net: NetName=GND Pin=X?-3
Added Pin To Net: NetName=GND Pin=X?-4
Added Pin To Net: NetName=NetVD1_1 Pin=VD1-1
Added Pin To Net: NetName=NetVD1_1 Pin=VD?-2
Added Pin To Net: NetName=NetVD1_1 Pin=VD?-2
Added Pin To Net: NetName=NetVD1_1 Pin=VD?-2
Added Pin To Net: NetName=NetVD1_1 Pin=X3-3
Added Net: Name=NetVD1_1
Added Pin To Net: NetName=NetVD?_1 Pin=VD?-1
Added Pin To Net: NetName=NetVD?_1 Pin=X4-3
Added Net: Name=NetVD?_1
