Removed Pin From Net: NetName=NetSA1_2 Pin=SA2-2
Removed Pin From Net: NetName=NetSA1_3 Pin=SA2-3
Removed Pin From Net: NetName=GND Pin=X1_1-1
Removed Pin From Net: NetName=NetSA1_2 Pin=X1_1-2
Removed Pin From Net: NetName=NetSA1_2 Pin=X1_1-3
Removed Pin From Net: NetName=NetSA1_2 Pin=X1_1-4
Removed Pin From Net: NetName=GND Pin=X3_1-1
Removed Pin From Net: NetName=NetSA1_2 Pin=X3_1-4
Removed Pin From Net: NetName=GND Pin=X?-1
Removed Pin From Net: NetName=NetSA1_3 Pin=X?-3
Added Component: Designator=SA1(SS-3292S-L1)
Add component. Clean all parameters for all variants
Added Component: Designator=X1(4PLS RIGHT ANGLE 2)
Add component. Clean all parameters for all variants
Add component (AddParameter): Name = "CommentText"; Value = ""׀אחתול""; VariantName = "[No Variations]"
Add component (AddParameter): Name = "CurrentMax"; Value = "3A"; VariantName = "[No Variations]"
Add component (AddParameter): Name = "HelpURL"; Value = "https://www.chipdip.ru/product/pls-4"; VariantName = "[No Variations]"
Add component (AddParameter): Name = "Manufacturer"; Value = "Connfly"; VariantName = "[No Variations]"
Add component (AddParameter): Name = "Multichannel"; Value = "4pin"; VariantName = "[No Variations]"
Add component (AddParameter): Name = "PartNumber"; Value = "PLS-4"; VariantName = "[No Variations]"
Add component (AddParameter): Name = "Pitch"; Value = "2.54mm"; VariantName = "[No Variations]"
Add component (AddParameter): Name = "TypeConnector"; Value = "Connector"; VariantName = "[No Variations]"
Add component (AddParameter): Name = "ValueManufacturerPartNumber"; Value = "Connector, 4pin, 2.54mm, 500VAC, 3A"; VariantName = "[No Variations]"
Add component (AddParameter): Name = "VoltageMax"; Value = "500VAC"; VariantName = "[No Variations]"
Added Component: Designator=X2(CON: PBS-4 R)
Add component. Clean all parameters for all variants
Add component (AddParameter): Name = "CommentText"; Value = ""׀אחתול""; VariantName = "[No Variations]"
Add component (AddParameter): Name = "CurrentMax"; Value = "3A"; VariantName = "[No Variations]"
Add component (AddParameter): Name = "HelpURL"; Value = "https://www.chipdip.ru/product/pbs-4"; VariantName = "[No Variations]"
Add component (AddParameter): Name = "Manufacturer"; Value = "Connfly"; VariantName = "[No Variations]"
Add component (AddParameter): Name = "Multichannel"; Value = "4pin"; VariantName = "[No Variations]"
Add component (AddParameter): Name = "PartNumber"; Value = "PBS-4"; VariantName = "[No Variations]"
Add component (AddParameter): Name = "Pitch"; Value = "2.54mm"; VariantName = "[No Variations]"
Add component (AddParameter): Name = "TypeConnector"; Value = "Connector"; VariantName = "[No Variations]"
Add component (AddParameter): Name = "ValueManufacturerPartNumber"; Value = "Connector, 4pin, 2.54mm, 500VAC, 3A"; VariantName = "[No Variations]"
Add component (AddParameter): Name = "VoltageMax"; Value = "500VAC"; VariantName = "[No Variations]"
Added Component: Designator=X3(4PLS RIGHT ANGLE 2)
Add component. Clean all parameters for all variants
Add component (AddParameter): Name = "CommentText"; Value = ""׀אחתול""; VariantName = "[No Variations]"
Add component (AddParameter): Name = "CurrentMax"; Value = "3A"; VariantName = "[No Variations]"
Add component (AddParameter): Name = "HelpURL"; Value = "https://www.chipdip.ru/product/pls-4"; VariantName = "[No Variations]"
Add component (AddParameter): Name = "Manufacturer"; Value = "Connfly"; VariantName = "[No Variations]"
Add component (AddParameter): Name = "Multichannel"; Value = "4pin"; VariantName = "[No Variations]"
Add component (AddParameter): Name = "PartNumber"; Value = "PLS-4"; VariantName = "[No Variations]"
Add component (AddParameter): Name = "Pitch"; Value = "2.54mm"; VariantName = "[No Variations]"
Add component (AddParameter): Name = "TypeConnector"; Value = "Connector"; VariantName = "[No Variations]"
Add component (AddParameter): Name = "ValueManufacturerPartNumber"; Value = "Connector, 4pin, 2.54mm, 500VAC, 3A"; VariantName = "[No Variations]"
Add component (AddParameter): Name = "VoltageMax"; Value = "500VAC"; VariantName = "[No Variations]"
Added Pin To Net: NetName=NetSA1_2 Pin=SA1-2
Added Pin To Net: NetName=NetSA1_3 Pin=SA1-3
Added Pin To Net: NetName=GND Pin=X1-1
Added Pin To Net: NetName=NetSA1_2 Pin=X1-2
Added Pin To Net: NetName=NetSA1_2 Pin=X1-3
Added Pin To Net: NetName=NetSA1_2 Pin=X1-4
Added Pin To Net: NetName=GND Pin=X2-1
Added Pin To Net: NetName=NetSA1_3 Pin=X2-2
Added Pin To Net: NetName=NetSA1_3 Pin=X2-3
Added Pin To Net: NetName=NetSA1_3 Pin=X2-4
Added Pin To Net: NetName=GND Pin=X3-1
Added Pin To Net: NetName=NetSA1_2 Pin=X3-2
