Added Component: Designator=X?(pls-4 right angle)
Add component. Clean all parameters for all variants
Added Pin To Net: NetName=blue Pin=*-2
Added Pin To Net: NetName=blue Pin=X?-2
Added Net: Name=blue
Added Pin To Net: NetName=gnd1 Pin=*-1
Added Pin To Net: NetName=gnd1 Pin=*-3
Added Net: Name=gnd1
Added Pin To Net: NetName=gnd4 Pin=*-4
Added Pin To Net: NetName=gnd4 Pin=X?-1
Added Net: Name=gnd4
Added Pin To Net: NetName=gndf Pin=*-1
Added Pin To Net: NetName=gndf Pin=*-2
Added Net: Name=gndf
Added Pin To Net: NetName=GND Pin=*-2
Added Pin To Net: NetName=GND Pin=D1-2
Added Net: Name=GND
Added Pin To Net: NetName=green Pin=*-4
Added Pin To Net: NetName=green Pin=X?-4
Added Net: Name=green
Added Pin To Net: NetName=NetD1_1 Pin=D1-1
Added Pin To Net: NetName=NetD1_1 Pin=R1-2
Added Net: Name=NetD1_1
Added Pin To Net: NetName=red Pin=*-3
Added Pin To Net: NetName=red Pin=X?-3
Added Net: Name=red
Added Pin To Net: NetName=VCC Pin=*-3
Added Pin To Net: NetName=VCC Pin=R1-1
Added Net: Name=VCC
Added Class: Name=NPS_sch
Added Room: Name=NPS_sch
